http://185.243.240.100:3001/share/sub/TAG?token=A7UzugqKC4eeC7uPK5AXo
https://wanmeiwl3.xyz/gywl/4e3979fc330fc6b7806f3dc78a696f10
https://bestsub.bestrui.ggff.net/share/bestsub/cdcefaa4-1f0d-462e-ba76-627b344989f2/all.yaml
https://linuxdo.miaoqiqi.me/linuxdo/love
https://bh.jiedianxielou.workers.dev
https://shorturl.at/k7W4X
https://xn--4oq11ryli3rg.com/s/d94ab6d97735b60789f6f5571318f66e
http://64.181.242.230/api/v1/client/subscribe?token=7e661917e3b7bec79c1955f6bcd24101
https://surl.li/qyulzy
https://goo.su/rnpgO
https://9.baiproxy.workers.dev
https://8-cww.pages.dev/8?clash
https://sub.lingche.icu/api/v1/client/subscribe?token=48e95450735e7d06d61b56f9bdb349fc
https://353g78qgfq.surfcat.store/api/v1/client/subscribe?token=aea5fd520527f8cd4ad458819e588e57
https://3ra4214.tjsd.site/api/v1/client/subscribe?token=54aae03dfffe20126e28640907c76927
https://sub.xunlian.site//api/v1/client/subscribe?token=62d93588737e677ed64ee697c983bb45
https://suscribethenetword.beecloud.club/api/v1/client/subscribe?token=3ea9448be6c5ace78a51249cb91b233f
https://rb.gy/3xnckr
https://v1.mk/xAAejQp
https://v1.mk/J2qr3NS
https://mirror.ghproxy.com/https://github.com/yuanwangokk-1/subscribe/blob/main/a.yaml
https://subs.zeabur.app/clash
https://gitlab.com/mfuu/v2ray/-/raw/master/clash.yaml
https://sub.onlineweb.work/api/v1/client/subscribe?token=54d2f37502f364cfd519901909b39d1d
https://ls.xn--sxqu35b.xn--fiqs8s/api/v1/client/subscribe?token=b7f32bdd63d5b8bf3513aeef1c2e1b41
https://raw.githubusercontent.com/AzadNetCH/Clash/main/AzadNet_META_IRAN-Direct.yml
https://portal.nextport.top/api/v1/client/subscribe?token=a7c422d46c1a3f9927fe97472d27ebf9
https://raw.githubusercontent.com/Aorp2008/Airp_all_box/main/config.yaml
https://fku-ppg.co.uk/
https://raw.githubusercontent.com/vveg26/chromego_merge/main/sub/merged_proxies.yaml
https://anaer.github.io/Sub/clash.yaml
https://cdn.jsdelivr.net/gh/anaer/Sub@main/clash.yaml
https://neko-warp.nloli.xyz/
https://my5353.com/bmCUK
http://1i8.cn/SYg3L
https://suo.yt/7z3dTcv
https://raw.iqiq.io/anaer/Sub/main/clash.yaml
http://1i8.cn/nwdtl
https://my5353.com/YeNZR
https://bakapie.cf/api/v1/client/subscribe?token=764255b17754ededb45c551d3ee9083f&flag=clash
https://link.jscdn.cn/1drv/aHR0cHM6Ly8xZHJ2Lm1zL3QvcyFBcWNyX0lvTkZNV0FlX21WLWxnMkRiclhvNHM_ZT1MZVI4Ym8
https://sub.cloudflare.quest
https://my5353.com/kunkun
https://sub.sharecentre.online/sub
https://sub.sharecentre.online/clash/scp.yml
https://openit.ml/Clash.yaml
https://github.xiaoku666.tk/
https://raw.githubusercontent.com/yu-steven/openit/main/Clash.yaml
https://openit.daycat.space/clash
https://tt.vg/freeclash
https://ghproxy.com/https://raw.githubusercontent.com/kxswa/k/k/clash
https://git.io/emzclash
https://cdn.jsdelivr.net/gh/oslook/clash-freenode@main/clash.yaml
https://cdn.statically.io/gh/oslook/clash-freenode/main/clash.yaml
https://proxypool.toshiki.top/clash/proxies
https://tsutsu.top/JEmV1o5
http://hazz.win/KmpQdY
https://dllx.tk/GreenFishYYDS
https://openit.ml/long
https://raw.fastgit.org/freefq/free/master/v2
https://v1.mk/NJxbGcv
https://suo.yt/1myZcHj
https://sub.cm/kzBXnMV
