[2025-07-11 01:31:49] clash-gpt.laoyoutiao.link: FETCH_FAILED_HTTP_304
[2025-07-11 01:31:52] mf.wlcf.lol: FETCH_FAILED_HTTP_304
[2025-07-11 01:31:55] mahsang.pro: FETCH_FAILED_HTTP_304
[2025-07-11 01:31:57] clash-ym.laoyoutiao.link: FETCH_FAILED_HTTP_304
[2025-07-11 01:32:00] v2ray-ym.laoyoutiao.link: FETCH_FAILED_HTTP_304
[2025-07-11 01:32:11] v2ray-fwq.laoyoutiao.link: FETCH_FAILED_HTTP_304
[2025-07-11 01:32:16] clash-yx.laoyoutiao.link: FETCH_FAILED_HTTP_304
[2025-07-11 01:32:18] v2ray-yx.laoyoutiao.link: FETCH_FAILED_HTTP_304
[2025-07-11 01:32:23] df.game.naver.com.multi.swdstore.xyz: FETCH_FAILED_HTTP_304
[2025-07-11 01:32:27] multi.swdstore.xyz: FETCH_FAILED_HTTP_304
[2025-07-11 01:32:31] quiz.int.vidio.com.multi.swdstore.xyz: FETCH_FAILED_HTTP_304
[2025-07-11 01:32:36] support.zoom.us.multi.swdstore.xyz: FETCH_FAILED_HTTP_304
[2025-07-11 01:32:40] zaintest.vuclip.com.multi.swdstore.xyz: FETCH_FAILED_HTTP_304
[2025-07-11 01:33:47] x1-england-aruba-v2.devefun.org: FETCH_FAILED_TIMEOUT
[2025-07-11 01:34:54] x1-italy-aruba-v2.devefun.org: FETCH_FAILED_TIMEOUT
[2025-07-11 01:36:08] x3-spain-clouding-v2-200dh.devefun.org: FETCH_FAILED_TIMEOUT
[2025-07-11 01:36:18] clash-gd.laoyoutiao.link: FETCH_FAILED_HTTP_304
[2025-07-11 01:36:21] v2ray-gd.laoyoutiao.link: FETCH_FAILED_HTTP_304
[2025-07-11 01:36:50] clash.zyttbywy.xyz: FETCH_FAILED_HTTP_304
[2025-07-11 01:37:07] p02--mysite--zvxy997wc5ql.code.run: FETCH_FAILED_HTTP_304
[2025-07-11 01:37:09] p03.xiaohezi.it.eu.org: FETCH_FAILED_HTTP_304
[2025-07-11 01:37:14] robolapki.ru: FETCH_FAILED_HTTP_304
[2025-07-11 01:37:22] 01h.mooo.com: FETCH_FAILED_HTTP_304
[2025-07-11 01:38:09] farsnews-tasnimnews.iranpepernews.com: FETCH_FAILED_HTTP_304
[2025-07-11 01:38:12] gfw.jingpengkun.com: FETCH_FAILED_HTTP_304
[2025-07-11 01:38:18] v2sub.msdos6dot9.top: FETCH_FAILED_HTTP_304
[2025-07-11 01:38:28] a.sergionator.duckdns.org: FETCH_FAILED_HTTP_304
[2025-07-11 01:38:36] archlinux-desktop.sergionator.duckdns.org: FETCH_FAILED_HTTP_304
[2025-07-11 01:38:51] b.sergionator.duckdns.org: FETCH_FAILED_HTTP_304
[2025-07-11 01:38:57] itdog.info: FETCH_FAILED_HTTP_304
[2025-07-11 01:39:02] kdh.kazetka.ru: FETCH_FAILED_CONNECTION_ERROR
[2025-07-11 01:39:11] oneplus-10pro.sergionator.duckdns.org: FETCH_FAILED_HTTP_304
[2025-07-11 01:39:16] sergionator.duckdns.org: FETCH_FAILED_HTTP_304
[2025-07-11 01:39:19] sub.yg.ygto.com: FETCH_FAILED_CONNECTION_ERROR
[2025-07-11 01:39:25] vlessvpn.link: FETCH_FAILED_HTTP_304
[2025-07-11 01:39:28] www.itdog.info: FETCH_FAILED_HTTP_304
[2025-07-11 01:39:33] www.vlessvpn.link: FETCH_FAILED_HTTP_304
[2025-07-11 01:41:01] 5.249.150.76: FETCH_FAILED_TIMEOUT
[2025-07-11 01:42:09] 94.177.253.109: FETCH_FAILED_TIMEOUT
[2025-07-11 01:43:17] 81.12.92.150: FETCH_FAILED_TIMEOUT
[2025-07-11 01:43:34] https://api-qw.0200.fun/api/v1/client/subscribe?token=60a098f4d7c51c10dd521e824a0f2892: FETCH_FAILED_CONNECTION_ERROR
[2025-07-11 01:44:52] https://wa.me/https:/wa.me/message/OMEV7ANPBTDXE1: FETCH_FAILED_HTTP_404
[2025-07-11 01:45:24] https://10.20.50.50:5001/webapi/auth.cgi?api=SYNO.API.Auth&version=3&method=login&account=AAA&passwd=BBB&format=: FETCH_FAILED_TIMEOUT
